<?xml version="1.0" encoding="UTF-8"?>
<testng-results ignored="0" total="1" passed="1" failed="0" skipped="0">
  <reporter-output>
  </reporter-output>
  <suite started-at="2021-12-28T16:41:51Z" name="Default suite" finished-at="2021-12-28T16:41:51Z" duration-ms="38">
    <groups>
    </groups>
    <test started-at="2021-12-28T16:41:51Z" name="Default test" finished-at="2021-12-28T16:41:51Z" duration-ms="38">
      <class name="pack1.NewTest">
        <test-method is-config="true" signature="beforeTest()[pri:0, instance:pack1.NewTest@4be29ed9]" started-at="2021-12-28T16:41:51Z" name="beforeTest" finished-at="2021-12-28T16:41:51Z" duration-ms="16" status="PASS">
          <reporter-output>
          </reporter-output>
        </test-method> <!-- beforeTest -->
        <test-method signature="f()[pri:0, instance:pack1.NewTest@4be29ed9]" started-at="2021-12-28T16:41:51Z" name="f" finished-at="2021-12-28T16:41:51Z" duration-ms="4" status="PASS">
          <reporter-output>
          </reporter-output>
        </test-method> <!-- f -->
        <test-method is-config="true" signature="afterTest()[pri:0, instance:pack1.NewTest@4be29ed9]" started-at="2021-12-28T16:41:51Z" name="afterTest" finished-at="2021-12-28T16:41:51Z" duration-ms="0" status="PASS">
          <reporter-output>
          </reporter-output>
        </test-method> <!-- afterTest -->
      </class> <!-- pack1.NewTest -->
    </test> <!-- Default test -->
  </suite> <!-- Default suite -->
</testng-results>
